<?xml version="1.0" encoding="UTF-8"?>
<!-- Generated by org.testng.reporters.JUnitXMLReporter -->
<testsuite hostname="LP-PC0MQFYK" ignored="0" name="FreeCRM_Automation_Test" tests="16" failures="1" timestamp="24 Jul 2018 11:09:42 GMT" time="28.251" errors="0">
  <testcase name="LoginPageFreeCRMTitleTest" time="16.695" classname="Com.crm.qa.TestCases.SignUpPageTest"/>
  <testcase name="SignUpbutton" time="7.633" classname="Com.crm.qa.TestCases.SignUpPageTest"/>
  <testcase name="SignUpGetTitleTest" time="0.006" classname="Com.crm.qa.TestCases.SignUpPageTest"/>
  <testcase name="SignUpEditionDropdownValuesTest" time="0.078" classname="Com.crm.qa.TestCases.SignUpPageTest"/>
  <testcase name="VerifyAllFieldsAreRequiredLabelTest" time="0.036" classname="Com.crm.qa.TestCases.SignUpPageTest"/>
  <testcase name="VerifyTermsAndConditionsLinkTest" time="0.043" classname="Com.crm.qa.TestCases.SignUpPageTest"/>
  <testcase name="VerifyDisabledIAgreeCheckboxTest" time="0.037" classname="Com.crm.qa.TestCases.SignUpPageTest"/>
  <testcase name="VerifyDisabledSubmitbuttonTest" time="0.028" classname="Com.crm.qa.TestCases.SignUpPageTest"/>
  <testcase name="SignUpEditionDropdownTest" time="0.162" classname="Com.crm.qa.TestCases.SignUpPageTest"/>
  <testcase name="SignUpFormTest" time="1.619" classname="Com.crm.qa.TestCases.SignUpPageTest"/>
  <testcase name="VerifyEnabledIAgreeCheckboxTest" time="0.032" classname="Com.crm.qa.TestCases.SignUpPageTest"/>
  <testcase name="ClickingOnCheckboxTest" time="0.066" classname="Com.crm.qa.TestCases.SignUpPageTest"/>
  <testcase name="VerifyEnabledSubmitbuttonTest" time="0.021" classname="Com.crm.qa.TestCases.SignUpPageTest"/>
  <testcase name="SubmitbuttonTest" time="1.135" classname="Com.crm.qa.TestCases.SignUpPageTest"/>
  <testcase name="VerifyAlert" time="0.027" classname="Com.crm.qa.TestCases.SignUpPageTest">
    <failure type="java.lang.AssertionError" message="The following asserts failed:
	Alert Msg Is Getting Displayed Wrong expected [Errors were encountered: This username is already in use by another user. Please select a different username.] but found [Errors were encountered: 

This username is already in use by another user. Please select a different username.
]">
      <![CDATA[java.lang.AssertionError: The following asserts failed:
Alert Msg Is Getting Displayed Wrong expected [Errors were encountered: This username is already in use by another user. Please select a different username.] but found [Errors were encountered: 

This username is already in use by another user. Please select a different username.
]
at Com.crm.qa.TestCases.SignUpPageTest.VerifyAlert(SignUpPageTest.java:153)
... Removed 26 stack frames]]>
    </failure>
  </testcase> <!-- VerifyAlert -->
  <testcase name="backToLoginPage" time="0.578" classname="Com.crm.qa.TestCases.SignUpPageTest"/>
</testsuite> <!-- FreeCRM_Automation_Test -->
