<?xml version="1.0" encoding="UTF-8"?>
<testng-results skipped="0" failed="1" ignored="0" total="16" passed="15">
  <reporter-output>
  </reporter-output>
  <suite name="FreeCRM_Suite" duration-ms="28251" started-at="2018-07-24T11:09:14Z" finished-at="2018-07-24T11:09:42Z">
    <groups>
    </groups>
    <test name="FreeCRM_Automation_Test" duration-ms="28251" started-at="2018-07-24T11:09:14Z" finished-at="2018-07-24T11:09:42Z">
      <class name="Com.crm.qa.TestCases.SignUpPageTest">
        <test-method status="PASS" signature="LoginPageFreeCRMTitleTest()[pri:0, instance:Com.crm.qa.TestCases.SignUpPageTest@6093dd95]" name="LoginPageFreeCRMTitleTest" duration-ms="16695" started-at="2018-07-24T11:09:14Z" finished-at="2018-07-24T11:09:30Z">
          <reporter-output>
          </reporter-output>
        </test-method> <!-- LoginPageFreeCRMTitleTest -->
        <test-method status="PASS" signature="SignUpbutton()[pri:1, instance:Com.crm.qa.TestCases.SignUpPageTest@6093dd95]" name="SignUpbutton" duration-ms="7633" started-at="2018-07-24T11:09:30Z" finished-at="2018-07-24T11:09:38Z">
          <reporter-output>
          </reporter-output>
        </test-method> <!-- SignUpbutton -->
        <test-method status="PASS" signature="SignUpGetTitleTest()[pri:2, instance:Com.crm.qa.TestCases.SignUpPageTest@6093dd95]" name="SignUpGetTitleTest" duration-ms="6" started-at="2018-07-24T11:09:38Z" finished-at="2018-07-24T11:09:38Z">
          <reporter-output>
          </reporter-output>
        </test-method> <!-- SignUpGetTitleTest -->
        <test-method status="PASS" signature="SignUpEditionDropdownValuesTest()[pri:3, instance:Com.crm.qa.TestCases.SignUpPageTest@6093dd95]" name="SignUpEditionDropdownValuesTest" duration-ms="78" started-at="2018-07-24T11:09:38Z" finished-at="2018-07-24T11:09:38Z">
          <reporter-output>
          </reporter-output>
        </test-method> <!-- SignUpEditionDropdownValuesTest -->
        <test-method status="PASS" signature="VerifyAllFieldsAreRequiredLabelTest()[pri:4, instance:Com.crm.qa.TestCases.SignUpPageTest@6093dd95]" name="VerifyAllFieldsAreRequiredLabelTest" duration-ms="36" started-at="2018-07-24T11:09:38Z" finished-at="2018-07-24T11:09:38Z">
          <reporter-output>
          </reporter-output>
        </test-method> <!-- VerifyAllFieldsAreRequiredLabelTest -->
        <test-method status="PASS" signature="VerifyTermsAndConditionsLinkTest()[pri:5, instance:Com.crm.qa.TestCases.SignUpPageTest@6093dd95]" name="VerifyTermsAndConditionsLinkTest" duration-ms="43" started-at="2018-07-24T11:09:38Z" finished-at="2018-07-24T11:09:38Z">
          <reporter-output>
          </reporter-output>
        </test-method> <!-- VerifyTermsAndConditionsLinkTest -->
        <test-method status="PASS" signature="VerifyDisabledIAgreeCheckboxTest()[pri:6, instance:Com.crm.qa.TestCases.SignUpPageTest@6093dd95]" name="VerifyDisabledIAgreeCheckboxTest" duration-ms="37" started-at="2018-07-24T11:09:38Z" finished-at="2018-07-24T11:09:38Z">
          <reporter-output>
          </reporter-output>
        </test-method> <!-- VerifyDisabledIAgreeCheckboxTest -->
        <test-method status="PASS" signature="VerifyDisabledSubmitbuttonTest()[pri:7, instance:Com.crm.qa.TestCases.SignUpPageTest@6093dd95]" name="VerifyDisabledSubmitbuttonTest" duration-ms="28" started-at="2018-07-24T11:09:38Z" finished-at="2018-07-24T11:09:38Z">
          <reporter-output>
          </reporter-output>
        </test-method> <!-- VerifyDisabledSubmitbuttonTest -->
        <test-method status="PASS" signature="SignUpEditionDropdownTest()[pri:8, instance:Com.crm.qa.TestCases.SignUpPageTest@6093dd95]" name="SignUpEditionDropdownTest" duration-ms="162" started-at="2018-07-24T11:09:38Z" finished-at="2018-07-24T11:09:39Z">
          <reporter-output>
          </reporter-output>
        </test-method> <!-- SignUpEditionDropdownTest -->
        <test-method status="PASS" signature="SignUpFormTest()[pri:9, instance:Com.crm.qa.TestCases.SignUpPageTest@6093dd95]" name="SignUpFormTest" duration-ms="1619" started-at="2018-07-24T11:09:39Z" finished-at="2018-07-24T11:09:40Z">
          <reporter-output>
          </reporter-output>
        </test-method> <!-- SignUpFormTest -->
        <test-method status="PASS" signature="VerifyEnabledIAgreeCheckboxTest()[pri:10, instance:Com.crm.qa.TestCases.SignUpPageTest@6093dd95]" name="VerifyEnabledIAgreeCheckboxTest" duration-ms="32" started-at="2018-07-24T11:09:40Z" finished-at="2018-07-24T11:09:40Z">
          <reporter-output>
          </reporter-output>
        </test-method> <!-- VerifyEnabledIAgreeCheckboxTest -->
        <test-method status="PASS" signature="ClickingOnCheckboxTest()[pri:11, instance:Com.crm.qa.TestCases.SignUpPageTest@6093dd95]" name="ClickingOnCheckboxTest" duration-ms="66" started-at="2018-07-24T11:09:40Z" finished-at="2018-07-24T11:09:40Z">
          <reporter-output>
          </reporter-output>
        </test-method> <!-- ClickingOnCheckboxTest -->
        <test-method status="PASS" signature="VerifyEnabledSubmitbuttonTest()[pri:12, instance:Com.crm.qa.TestCases.SignUpPageTest@6093dd95]" name="VerifyEnabledSubmitbuttonTest" duration-ms="21" started-at="2018-07-24T11:09:40Z" finished-at="2018-07-24T11:09:40Z">
          <reporter-output>
          </reporter-output>
        </test-method> <!-- VerifyEnabledSubmitbuttonTest -->
        <test-method status="PASS" signature="SubmitbuttonTest()[pri:13, instance:Com.crm.qa.TestCases.SignUpPageTest@6093dd95]" name="SubmitbuttonTest" duration-ms="1135" started-at="2018-07-24T11:09:40Z" finished-at="2018-07-24T11:09:41Z">
          <reporter-output>
          </reporter-output>
        </test-method> <!-- SubmitbuttonTest -->
        <test-method status="FAIL" signature="VerifyAlert()[pri:14, instance:Com.crm.qa.TestCases.SignUpPageTest@6093dd95]" name="VerifyAlert" duration-ms="27" started-at="2018-07-24T11:09:41Z" finished-at="2018-07-24T11:09:41Z">
          <exception class="java.lang.AssertionError">
            <message>
              <![CDATA[The following asserts failed:
Alert Msg Is Getting Displayed Wrong expected [Errors were encountered: This username is already in use by another user. Please select a different username.] but found [Errors were encountered: 

This username is already in use by another user. Please select a different username.
]]]>
            </message>
            <full-stacktrace>
              <![CDATA[java.lang.AssertionError: The following asserts failed:
Alert Msg Is Getting Displayed Wrong expected [Errors were encountered: This username is already in use by another user. Please select a different username.] but found [Errors were encountered: 

This username is already in use by another user. Please select a different username.
]
at org.testng.asserts.SoftAssert.assertAll(SoftAssert.java:43)
at Com.crm.qa.TestCases.SignUpPageTest.VerifyAlert(SignUpPageTest.java:153)
at sun.reflect.NativeMethodAccessorImpl.invoke0(Native Method)
at sun.reflect.NativeMethodAccessorImpl.invoke(NativeMethodAccessorImpl.java:62)
at sun.reflect.DelegatingMethodAccessorImpl.invoke(DelegatingMethodAccessorImpl.java:43)
at java.lang.reflect.Method.invoke(Method.java:498)
at org.testng.internal.MethodInvocationHelper.invokeMethod(MethodInvocationHelper.java:124)
at org.testng.internal.Invoker.invokeMethod(Invoker.java:583)
at org.testng.internal.Invoker.invokeTestMethod(Invoker.java:719)
at org.testng.internal.Invoker.invokeTestMethods(Invoker.java:989)
at org.testng.internal.TestMethodWorker.invokeTestMethods(TestMethodWorker.java:125)
at org.testng.internal.TestMethodWorker.run(TestMethodWorker.java:109)
at org.testng.TestRunner.privateRun(TestRunner.java:648)
at org.testng.TestRunner.run(TestRunner.java:505)
at org.testng.SuiteRunner.runTest(SuiteRunner.java:455)
at org.testng.SuiteRunner.runSequentially(SuiteRunner.java:450)
at org.testng.SuiteRunner.privateRun(SuiteRunner.java:415)
at org.testng.SuiteRunner.run(SuiteRunner.java:364)
at org.testng.SuiteRunnerWorker.runSuite(SuiteRunnerWorker.java:52)
at org.testng.SuiteRunnerWorker.run(SuiteRunnerWorker.java:84)
at org.testng.TestNG.runSuitesSequentially(TestNG.java:1208)
at org.testng.TestNG.runSuitesLocally(TestNG.java:1137)
at org.testng.TestNG.runSuites(TestNG.java:1049)
at org.testng.TestNG.run(TestNG.java:1017)
at org.testng.remote.AbstractRemoteTestNG.run(AbstractRemoteTestNG.java:114)
at org.testng.remote.RemoteTestNG.initAndRun(RemoteTestNG.java:251)
at org.testng.remote.RemoteTestNG.main(RemoteTestNG.java:77)
]]>
            </full-stacktrace>
          </exception> <!-- java.lang.AssertionError -->
          <reporter-output>
          </reporter-output>
        </test-method> <!-- VerifyAlert -->
        <test-method status="PASS" signature="backToLoginPage()[pri:15, instance:Com.crm.qa.TestCases.SignUpPageTest@6093dd95]" name="backToLoginPage" duration-ms="578" started-at="2018-07-24T11:09:41Z" finished-at="2018-07-24T11:09:42Z">
          <reporter-output>
          </reporter-output>
        </test-method> <!-- backToLoginPage -->
      </class> <!-- Com.crm.qa.TestCases.SignUpPageTest -->
    </test> <!-- FreeCRM_Automation_Test -->
  </suite> <!-- FreeCRM_Suite -->
</testng-results>
